<?xml version="1.0" encoding="UTF-8"?>
<!-- Generated by org.testng.reporters.JUnitXMLReporter -->
<testsuite hostname="DESKTOP-CN3CBMR" ignored="0" name="Default test" tests="3" failures="0" timestamp="06 Apr 2021 15:01:56 GMT" time="67.286" errors="0">
  <testcase name="tabletdetails" time="9.342" classname="uiTest.Productdetailstest"/>
  <testcase name="laptopdetails" time="7.271" classname="uiTest.Productdetailstest"/>
  <testcase name="spkdetails" time="7.489" classname="uiTest.Productdetailstest"/>
</testsuite> <!-- Default test -->
